127.0.0.1 - - [01/May/2020:16:05:12 +0800] "GET / HTTP/1.1" 200 1603
127.0.0.1 - - [01/May/2020:16:05:12 +0800] "GET /scripts/formCheck.js HTTP/1.1" 200 7306
::1 - - [01/May/2020:16:05:12 +0800] "GET /scripts/styles.js HTTP/1.1" 200 886
::1 - - [01/May/2020:16:05:12 +0800] "GET /styles/index.css HTTP/1.1" 200 41
::1 - - [01/May/2020:16:05:18 +0800] "GET /index_borrowBook.php HTTP/1.1" 200 2621
::1 - - [01/May/2020:16:05:19 +0800] "GET /bookmanagement.com/styles/index.css HTTP/1.1" 404 1226
::1 - - [01/May/2020:16:05:19 +0800] "GET /bookmanagement.com/styles/index.css HTTP/1.1" 404 1226
::1 - - [01/May/2020:16:05:20 +0800] "GET /index_returnBook.php HTTP/1.1" 200 2121
::1 - - [01/May/2020:16:05:22 +0800] "GET /index_extension.php HTTP/1.1" 404 1226
::1 - - [01/May/2020:16:05:52 +0800] "GET /index_extension.php HTTP/1.1" 200 2152
::1 - - [01/May/2020:16:05:53 +0800] "GET /scripts/formCheck.js HTTP/1.1" 304 -
::1 - - [01/May/2020:16:05:56 +0800] "GET /index_penalties.php HTTP/1.1" 200 2207
::1 - - [01/May/2020:16:05:57 +0800] "GET /index_book.php HTTP/1.1" 200 2793
::1 - - [01/May/2020:16:05:59 +0800] "GET /index_member.php HTTP/1.1" 200 3718
::1 - - [01/May/2020:16:06:01 +0800] "GET /index_librarian.php HTTP/1.1" 200 3007
::1 - - [01/May/2020:16:06:04 +0800] "GET /index_borrowBook.php HTTP/1.1" 200 2621
::1 - - [01/May/2020:16:06:04 +0800] "GET /bookmanagement.com/styles/index.css HTTP/1.1" 404 1226
::1 - - [01/May/2020:16:06:04 +0800] "GET /bookmanagement.com/styles/index.css HTTP/1.1" 404 1226
::1 - - [01/May/2020:16:06:54 +0800] "GET /index_borrowBook.php HTTP/1.1" 200 2621
::1 - - [01/May/2020:16:06:54 +0800] "GET /bookmanagement.com/styles/index.css HTTP/1.1" 404 1226
::1 - - [01/May/2020:16:06:54 +0800] "GET /bookmanagement.com/styles/index.css HTTP/1.1" 404 1226
::1 - - [01/May/2020:16:07:03 +0800] "GET /index_borrowBook.php HTTP/1.1" 200 2621
::1 - - [01/May/2020:16:07:03 +0800] "GET /bookmanagement.com/styles/index.css HTTP/1.1" 404 1226
::1 - - [01/May/2020:16:07:33 +0800] "GET /index_borrowBook.php HTTP/1.1" 200 2621
::1 - - [01/May/2020:16:07:33 +0800] "GET /bookmanagement.com/styles/index.css HTTP/1.1" 404 1226
::1 - - [01/May/2020:16:07:34 +0800] "GET /index_returnBook.php HTTP/1.1" 200 2121
::1 - - [01/May/2020:16:07:34 +0800] "GET /scripts/formCheck.js HTTP/1.1" 304 -
::1 - - [01/May/2020:16:07:35 +0800] "GET /index_borrowBook.php HTTP/1.1" 200 2621
::1 - - [01/May/2020:16:07:35 +0800] "GET /bookmanagement.com/styles/index.css HTTP/1.1" 404 1226
::1 - - [01/May/2020:16:07:36 +0800] "GET /index_returnBook.php HTTP/1.1" 200 2121
::1 - - [01/May/2020:16:08:46 +0800] "GET /index_penalties.php HTTP/1.1" 200 2274
::1 - - [01/May/2020:16:08:46 +0800] "GET /scripts/formCheck.js HTTP/1.1" 304 -
::1 - - [01/May/2020:16:08:46 +0800] "GET /styles/index.css HTTP/1.1" 200 73
::1 - - [01/May/2020:16:08:48 +0800] "GET /index_extension.php HTTP/1.1" 200 2152
::1 - - [01/May/2020:16:08:49 +0800] "GET /index_borrowBook.php HTTP/1.1" 200 2621
::1 - - [01/May/2020:16:08:49 +0800] "GET /bookmanagement.com/styles/index.css HTTP/1.1" 404 1226
::1 - - [01/May/2020:16:08:49 +0800] "GET /bookmanagement.com/styles/index.css HTTP/1.1" 404 1226
::1 - - [01/May/2020:16:08:50 +0800] "GET /index_returnBook.php HTTP/1.1" 200 2137
::1 - - [01/May/2020:16:08:51 +0800] "GET /index_extension.php HTTP/1.1" 200 2152
::1 - - [01/May/2020:16:08:51 +0800] "GET /index_penalties.php HTTP/1.1" 200 2274
::1 - - [01/May/2020:16:08:52 +0800] "GET /index_book.php HTTP/1.1" 200 2793
::1 - - [01/May/2020:16:08:53 +0800] "GET /index_member.php HTTP/1.1" 200 3718
::1 - - [01/May/2020:16:08:55 +0800] "GET /index_librarian.php HTTP/1.1" 200 3007
::1 - - [01/May/2020:16:08:56 +0800] "GET /index_member.php HTTP/1.1" 200 3718
::1 - - [01/May/2020:16:09:05 +0800] "GET /index_member.php HTTP/1.1" 200 3718
::1 - - [01/May/2020:16:09:05 +0800] "GET /styles/index.css HTTP/1.1" 304 -
::1 - - [01/May/2020:16:09:15 +0800] "GET /index_borrowBook.php HTTP/1.1" 200 2621
::1 - - [01/May/2020:16:09:15 +0800] "GET /bookmanagement.com/styles/index.css HTTP/1.1" 404 1226
::1 - - [01/May/2020:16:09:15 +0800] "GET /bookmanagement.com/styles/index.css HTTP/1.1" 404 1226
::1 - - [01/May/2020:16:09:28 +0800] "GET /index_borrowBook.php HTTP/1.1" 200 2621
::1 - - [01/May/2020:16:09:28 +0800] "GET /bookmanagement.com/styles/index.css HTTP/1.1" 404 1226
::1 - - [01/May/2020:16:09:36 +0800] "GET /index_librarian.php HTTP/1.1" 200 3007
::1 - - [01/May/2020:16:09:36 +0800] "GET /scripts/formCheck.js HTTP/1.1" 304 -
::1 - - [01/May/2020:16:09:36 +0800] "GET /styles/index.css HTTP/1.1" 304 -
::1 - - [01/May/2020:16:10:32 +0800] "GET /index_librarian.php HTTP/1.1" 200 3007
::1 - - [01/May/2020:16:10:32 +0800] "GET /scripts/formCheck.js HTTP/1.1" 304 -
::1 - - [01/May/2020:16:10:32 +0800] "GET /styles/index.css HTTP/1.1" 304 -
::1 - - [01/May/2020:16:10:33 +0800] "GET /index_returnBook.php HTTP/1.1" 200 2137
::1 - - [01/May/2020:16:10:34 +0800] "GET /index_borrowBook.php HTTP/1.1" 200 2621
::1 - - [01/May/2020:16:10:34 +0800] "GET /bookmanagement.com/styles/index.css HTTP/1.1" 404 1226
::1 - - [01/May/2020:16:10:34 +0800] "GET /bookmanagement.com/styles/index.css HTTP/1.1" 404 1226
::1 - - [01/May/2020:16:10:35 +0800] "GET /index_returnBook.php HTTP/1.1" 200 2137
::1 - - [01/May/2020:16:10:36 +0800] "GET /index_extension.php HTTP/1.1" 200 2152
::1 - - [01/May/2020:16:10:37 +0800] "GET /index_penalties.php HTTP/1.1" 200 2274
::1 - - [01/May/2020:16:10:37 +0800] "GET /index_book.php HTTP/1.1" 200 2793
::1 - - [01/May/2020:16:10:38 +0800] "GET /index_member.php HTTP/1.1" 200 3718
::1 - - [01/May/2020:16:10:39 +0800] "GET /index_librarian.php HTTP/1.1" 200 3007
::1 - - [01/May/2020:16:10:40 +0800] "GET /index_borrowBook.php HTTP/1.1" 200 2621
::1 - - [01/May/2020:16:10:40 +0800] "GET /bookmanagement.com/styles/index.css HTTP/1.1" 404 1226
::1 - - [01/May/2020:16:10:40 +0800] "GET /bookmanagement.com/styles/index.css HTTP/1.1" 404 1226
::1 - - [01/May/2020:16:11:03 +0800] "GET /index_borrowBook.php HTTP/1.1" 200 2734
::1 - - [01/May/2020:16:11:03 +0800] "GET /bookmanagement.com/styles/index.css HTTP/1.1" 404 1226
::1 - - [01/May/2020:16:11:03 +0800] "GET /bookmanagement.com/styles/index.css HTTP/1.1" 404 1226
::1 - - [01/May/2020:16:11:32 +0800] "GET /index_borrowBook.php HTTP/1.1" 200 2559
::1 - - [01/May/2020:16:11:32 +0800] "GET /bookmanagement.com/styles/index.css HTTP/1.1" 404 1226
::1 - - [01/May/2020:16:11:45 +0800] "GET /index_borrowBook.php HTTP/1.1" 200 1786
::1 - - [01/May/2020:16:11:45 +0800] "GET /bookmanagement.com/styles/index.css HTTP/1.1" 404 1226
::1 - - [01/May/2020:16:11:55 +0800] "GET /index_returnBook.php HTTP/1.1" 200 2137
::1 - - [01/May/2020:16:11:55 +0800] "GET /scripts/formCheck.js HTTP/1.1" 304 -
::1 - - [01/May/2020:16:11:55 +0800] "GET /styles/index.css HTTP/1.1" 304 -
::1 - - [01/May/2020:16:11:56 +0800] "GET /index_extension.php HTTP/1.1" 200 2152
::1 - - [01/May/2020:16:12:28 +0800] "GET /index_extension.php HTTP/1.1" 200 2152
::1 - - [01/May/2020:16:12:28 +0800] "GET /styles/index.css HTTP/1.1" 304 -
::1 - - [01/May/2020:16:12:30 +0800] "GET /index_returnBook.php HTTP/1.1" 200 2137
::1 - - [01/May/2020:16:12:31 +0800] "GET /index_borrowBook.php HTTP/1.1" 200 2156
::1 - - [01/May/2020:16:12:34 +0800] "GET /index_borrowBook.php HTTP/1.1" 200 3095
::1 - - [01/May/2020:16:12:34 +0800] "GET /bookmanagement.com/styles/index.css HTTP/1.1" 404 1226
::1 - - [01/May/2020:16:12:34 +0800] "GET /bookmanagement.com/styles/index.css HTTP/1.1" 404 1226
::1 - - [01/May/2020:16:12:42 +0800] "GET /index_borrowBook.php HTTP/1.1" 200 2625
::1 - - [01/May/2020:16:12:42 +0800] "GET /bookmanagement.com/styles/index.css HTTP/1.1" 404 1226
::1 - - [01/May/2020:16:12:42 +0800] "GET /bookmanagement.com/styles/index.css HTTP/1.1" 404 1226
::1 - - [01/May/2020:16:13:07 +0800] "GET /index_borrowBook.php HTTP/1.1" 200 3221
::1 - - [01/May/2020:16:13:07 +0800] "GET /bookmanagement.com/styles/index.css HTTP/1.1" 404 1226
::1 - - [01/May/2020:16:13:54 +0800] "GET /index_returnBook.php HTTP/1.1" 200 2137
::1 - - [01/May/2020:16:13:54 +0800] "GET /scripts/formCheck.js HTTP/1.1" 304 -
::1 - - [01/May/2020:16:13:54 +0800] "GET /styles/index.css HTTP/1.1" 304 -
::1 - - [01/May/2020:16:13:55 +0800] "GET /index_extension.php HTTP/1.1" 200 2151
::1 - - [01/May/2020:16:13:55 +0800] "GET /index_penalties.php HTTP/1.1" 200 2274
::1 - - [01/May/2020:16:13:56 +0800] "GET /index_book.php HTTP/1.1" 200 2793
::1 - - [01/May/2020:16:13:56 +0800] "GET /index_member.php HTTP/1.1" 200 3718
::1 - - [01/May/2020:16:14:08 +0800] "GET /index_borrowBook.php HTTP/1.1" 200 2624
::1 - - [01/May/2020:16:14:08 +0800] "GET /bookmanagement.com/styles/index.css HTTP/1.1" 404 1226
::1 - - [01/May/2020:16:14:08 +0800] "GET /bookmanagement.com/styles/index.css HTTP/1.1" 404 1226
::1 - - [01/May/2020:16:14:43 +0800] "GET /index_borrowBook.php HTTP/1.1" 200 2624
::1 - - [01/May/2020:16:14:43 +0800] "GET /bookmanagement.com/styles/index.css HTTP/1.1" 404 1226
::1 - - [01/May/2020:16:14:44 +0800] "GET /index_borrowBook.php HTTP/1.1" 200 2624
::1 - - [01/May/2020:16:14:44 +0800] "GET /bookmanagement.com/styles/index.css HTTP/1.1" 404 1226
::1 - - [01/May/2020:16:14:44 +0800] "GET /bookmanagement.com/styles/index.css HTTP/1.1" 404 1226
::1 - - [01/May/2020:16:14:44 +0800] "GET /index_returnBook.php HTTP/1.1" 200 2136
::1 - - [01/May/2020:16:14:44 +0800] "GET /styles/index.css HTTP/1.1" 304 -
::1 - - [01/May/2020:16:14:45 +0800] "GET /index_extension.php HTTP/1.1" 200 2151
::1 - - [01/May/2020:16:14:45 +0800] "GET /index_penalties.php HTTP/1.1" 200 2274
::1 - - [01/May/2020:16:14:47 +0800] "GET /index_returnBook.php HTTP/1.1" 200 2136
::1 - - [01/May/2020:16:14:47 +0800] "GET /index_book.php HTTP/1.1" 200 2792
::1 - - [01/May/2020:16:15:12 +0800] "GET /index_borrowBook.php HTTP/1.1" 200 2624
::1 - - [01/May/2020:16:15:12 +0800] "GET /bookmanagement.com/styles/index.css HTTP/1.1" 404 1226
::1 - - [01/May/2020:16:15:12 +0800] "GET /bookmanagement.com/styles/index.css HTTP/1.1" 404 1226
::1 - - [01/May/2020:16:15:12 +0800] "GET /index_returnBook.php HTTP/1.1" 200 2140
::1 - - [01/May/2020:16:15:12 +0800] "GET /scripts/formCheck.js HTTP/1.1" 304 -
::1 - - [01/May/2020:16:15:13 +0800] "GET /index_extension.php HTTP/1.1" 200 2151
::1 - - [01/May/2020:16:15:13 +0800] "GET /index_penalties.php HTTP/1.1" 200 2274
::1 - - [01/May/2020:16:15:14 +0800] "GET /index_book.php HTTP/1.1" 200 2792
::1 - - [01/May/2020:16:15:32 +0800] "GET /index_book.php HTTP/1.1" 200 2795
::1 - - [01/May/2020:16:15:32 +0800] "GET /styles/index.css HTTP/1.1" 304 -
::1 - - [01/May/2020:16:15:36 +0800] "GET /index_book.php HTTP/1.1" 200 2796
::1 - - [01/May/2020:16:15:37 +0800] "GET /index_book.php HTTP/1.1" 200 2796
::1 - - [01/May/2020:16:15:37 +0800] "GET /index_member.php HTTP/1.1" 200 3717
::1 - - [01/May/2020:16:15:38 +0800] "GET /index_librarian.php HTTP/1.1" 200 3006
::1 - - [01/May/2020:16:15:39 +0800] "GET /logout.php HTTP/1.1" 302 -
::1 - - [01/May/2020:16:15:39 +0800] "GET / HTTP/1.1" 200 343
::1 - - [01/May/2020:16:15:40 +0800] "GET /login.php HTTP/1.1" 200 609
::1 - - [01/May/2020:16:15:42 +0800] "POST /loginAuthenticate.php HTTP/1.1" 200 622
::1 - - [01/May/2020:16:15:45 +0800] "POST /loginAuthenticate.php HTTP/1.1" 302 -
::1 - - [01/May/2020:16:15:45 +0800] "GET / HTTP/1.1" 200 1603
::1 - - [01/May/2020:16:15:46 +0800] "GET /index_borrowBook.php HTTP/1.1" 200 2624
::1 - - [01/May/2020:16:15:46 +0800] "GET /bookmanagement.com/styles/index.css HTTP/1.1" 404 1226
::1 - - [01/May/2020:16:15:46 +0800] "GET /bookmanagement.com/styles/index.css HTTP/1.1" 404 1226
::1 - - [01/May/2020:16:15:47 +0800] "GET /index_returnBook.php HTTP/1.1" 200 2140
::1 - - [01/May/2020:16:15:47 +0800] "GET /index_extension.php HTTP/1.1" 200 2151
::1 - - [01/May/2020:16:15:48 +0800] "GET /index_penalties.php HTTP/1.1" 200 2274
::1 - - [01/May/2020:16:15:48 +0800] "GET /index_book.php HTTP/1.1" 200 2796
::1 - - [01/May/2020:16:15:49 +0800] "GET /index_member.php HTTP/1.1" 200 3717
::1 - - [01/May/2020:16:15:50 +0800] "GET /index_librarian.php HTTP/1.1" 200 3006
::1 - - [01/May/2020:16:15:50 +0800] "GET /index_member.php HTTP/1.1" 200 3717
::1 - - [01/May/2020:16:15:50 +0800] "GET /index_book.php HTTP/1.1" 200 2796
::1 - - [01/May/2020:16:15:52 +0800] "GET /index_extension.php HTTP/1.1" 200 2151
::1 - - [01/May/2020:16:15:52 +0800] "GET /index_returnBook.php HTTP/1.1" 200 2140
::1 - - [01/May/2020:16:15:53 +0800] "GET /index_borrowBook.php HTTP/1.1" 200 2624
::1 - - [01/May/2020:16:15:53 +0800] "GET /bookmanagement.com/styles/index.css HTTP/1.1" 404 1226
::1 - - [01/May/2020:16:15:53 +0800] "GET /bookmanagement.com/styles/index.css HTTP/1.1" 404 1226
::1 - - [01/May/2020:16:15:53 +0800] "GET /index_returnBook.php HTTP/1.1" 200 2140
::1 - - [01/May/2020:16:15:54 +0800] "GET /index_extension.php HTTP/1.1" 200 2151
::1 - - [01/May/2020:16:15:54 +0800] "GET /index_penalties.php HTTP/1.1" 200 2274
::1 - - [01/May/2020:16:15:54 +0800] "GET /index_book.php HTTP/1.1" 200 2796
::1 - - [01/May/2020:16:15:55 +0800] "GET /index_member.php HTTP/1.1" 200 3717
::1 - - [01/May/2020:16:20:24 +0800] "GET /index_borrowBook.php HTTP/1.1" 200 2624
::1 - - [01/May/2020:16:20:24 +0800] "GET /bookmanagement.com/styles/index.css HTTP/1.1" 404 1226
::1 - - [01/May/2020:16:20:24 +0800] "GET /bookmanagement.com/styles/index.css HTTP/1.1" 404 1226
::1 - - [01/May/2020:16:21:05 +0800] "GET /index_borrowBook.php HTTP/1.1" 200 1918
::1 - - [01/May/2020:16:21:05 +0800] "GET /bookmanagement.com/styles/index.css HTTP/1.1" 404 1226
::1 - - [01/May/2020:16:21:11 +0800] "GET /index_borrowBook.php HTTP/1.1" 200 2624
::1 - - [01/May/2020:16:21:11 +0800] "GET /bookmanagement.com/styles/index.css HTTP/1.1" 404 1226
::1 - - [01/May/2020:16:21:13 +0800] "GET /bookmanagement.com/styles/index.css HTTP/1.1" 404 1226
::1 - - [01/May/2020:16:21:56 +0800] "GET /index_returnBook.php HTTP/1.1" 200 2140
::1 - - [01/May/2020:16:21:56 +0800] "GET /scripts/formCheck.js HTTP/1.1" 304 -
::1 - - [01/May/2020:16:21:56 +0800] "GET /styles/index.css HTTP/1.1" 304 -
::1 - - [01/May/2020:16:22:05 +0800] "GET /index_borrowBook.php HTTP/1.1" 200 2624
::1 - - [01/May/2020:16:22:05 +0800] "GET /bookmanagement.com/styles/index.css HTTP/1.1" 404 1226
::1 - - [01/May/2020:16:22:05 +0800] "GET /bookmanagement.com/styles/index.css HTTP/1.1" 404 1226
::1 - - [01/May/2020:16:22:11 +0800] "GET /index_borrowBook.php HTTP/1.1" 200 2190
::1 - - [01/May/2020:16:22:11 +0800] "GET /bookmanagement.com/styles/index.css HTTP/1.1" 404 1226
::1 - - [01/May/2020:16:22:14 +0800] "GET /index_borrowBook.php HTTP/1.1" 200 2624
::1 - - [01/May/2020:16:22:14 +0800] "GET /bookmanagement.com/styles/index.css HTTP/1.1" 404 1226
::1 - - [01/May/2020:16:22:14 +0800] "GET /bookmanagement.com/styles/index.css HTTP/1.1" 404 1226
::1 - - [01/May/2020:16:22:34 +0800] "GET /index_borrowBook.php HTTP/1.1" 200 2624
::1 - - [01/May/2020:16:22:34 +0800] "GET /bookmanagement.com/styles/index.css HTTP/1.1" 404 1226
::1 - - [01/May/2020:16:22:34 +0800] "GET /bookmanagement.com/styles/index.css HTTP/1.1" 404 1226
::1 - - [01/May/2020:16:22:36 +0800] "GET /index_returnBook.php HTTP/1.1" 200 2140
::1 - - [01/May/2020:16:22:37 +0800] "GET /index_returnBook.php HTTP/1.1" 200 2140
::1 - - [01/May/2020:16:22:38 +0800] "GET /index_borrowBook.php HTTP/1.1" 200 2624
::1 - - [01/May/2020:16:22:38 +0800] "GET /bookmanagement.com/styles/index.css HTTP/1.1" 404 1226
::1 - - [01/May/2020:16:22:38 +0800] "GET /bookmanagement.com/styles/index.css HTTP/1.1" 404 1226
::1 - - [01/May/2020:16:22:38 +0800] "GET /index_returnBook.php HTTP/1.1" 200 2140
::1 - - [01/May/2020:16:22:39 +0800] "GET /index_extension.php HTTP/1.1" 200 2151
::1 - - [01/May/2020:16:22:54 +0800] "GET /index_extension.php HTTP/1.1" 200 2151
::1 - - [01/May/2020:16:23:11 +0800] "GET /index_extension.php HTTP/1.1" 200 2151
::1 - - [01/May/2020:16:23:19 +0800] "GET /index_borrowBook.php HTTP/1.1" 200 2624
::1 - - [01/May/2020:16:23:19 +0800] "GET /bookmanagement.com/styles/index.css HTTP/1.1" 404 1226
::1 - - [01/May/2020:16:23:19 +0800] "GET /bookmanagement.com/styles/index.css HTTP/1.1" 404 1226
::1 - - [01/May/2020:16:23:20 +0800] "GET /index_returnBook.php HTTP/1.1" 200 2140
::1 - - [01/May/2020:16:23:29 +0800] "GET /styles/index.css HTTP/1.1" 200 106
::1 - - [01/May/2020:16:23:43 +0800] "GET /index_borrowBook.php HTTP/1.1" 200 2624
::1 - - [01/May/2020:16:23:43 +0800] "GET /bookmanagement.com/styles/index.css HTTP/1.1" 404 1226
::1 - - [01/May/2020:16:23:43 +0800] "GET /bookmanagement.com/styles/index.css HTTP/1.1" 404 1226
::1 - - [01/May/2020:16:24:49 +0800] "GET /index_borrowBook.php HTTP/1.1" 200 2632
::1 - - [01/May/2020:16:24:49 +0800] "GET /bookmanagement.com/styles/index.css HTTP/1.1" 404 1226
::1 - - [01/May/2020:16:24:49 +0800] "GET /bookmanagement.com/styles/index.css HTTP/1.1" 404 1226
::1 - - [01/May/2020:16:24:50 +0800] "GET /index_borrowBook.php HTTP/1.1" 200 2632
::1 - - [01/May/2020:16:24:50 +0800] "GET /bookmanagement.com/styles/index.css HTTP/1.1" 404 1226
::1 - - [01/May/2020:16:24:50 +0800] "GET /bookmanagement.com/styles/index.css HTTP/1.1" 404 1226
::1 - - [01/May/2020:16:24:50 +0800] "GET /index_borrowBook.php HTTP/1.1" 200 2632
::1 - - [01/May/2020:16:24:50 +0800] "GET /bookmanagement.com/styles/index.css HTTP/1.1" 404 1226
::1 - - [01/May/2020:16:24:50 +0800] "GET /bookmanagement.com/styles/index.css HTTP/1.1" 404 1226
::1 - - [01/May/2020:16:24:50 +0800] "GET /index_borrowBook.php HTTP/1.1" 200 2632
::1 - - [01/May/2020:16:24:50 +0800] "GET /bookmanagement.com/styles/index.css HTTP/1.1" 404 1226
::1 - - [01/May/2020:16:24:50 +0800] "GET /bookmanagement.com/styles/index.css HTTP/1.1" 404 1226
::1 - - [01/May/2020:16:25:06 +0800] "GET /index_borrowBook.php HTTP/1.1" 200 2654
::1 - - [01/May/2020:16:25:06 +0800] "GET /bookmanagement.com/styles/index.css HTTP/1.1" 404 1226
::1 - - [01/May/2020:16:25:06 +0800] "GET /bookmanagement.com/styles/index.css HTTP/1.1" 404 1226
::1 - - [01/May/2020:16:25:07 +0800] "GET /index_borrowBook.php HTTP/1.1" 200 2654
::1 - - [01/May/2020:16:25:07 +0800] "GET /bookmanagement.com/styles/index.css HTTP/1.1" 404 1226
::1 - - [01/May/2020:16:25:07 +0800] "GET /bookmanagement.com/styles/index.css HTTP/1.1" 404 1226
::1 - - [01/May/2020:16:25:07 +0800] "GET /index_borrowBook.php HTTP/1.1" 200 2654
::1 - - [01/May/2020:16:25:07 +0800] "GET /bookmanagement.com/styles/index.css HTTP/1.1" 404 1226
::1 - - [01/May/2020:16:25:07 +0800] "GET /bookmanagement.com/styles/index.css HTTP/1.1" 404 1226
::1 - - [01/May/2020:16:25:08 +0800] "GET /index_borrowBook.php HTTP/1.1" 200 2654
::1 - - [01/May/2020:16:25:08 +0800] "GET /bookmanagement.com/styles/index.css HTTP/1.1" 404 1226
::1 - - [01/May/2020:16:25:08 +0800] "GET /bookmanagement.com/styles/index.css HTTP/1.1" 404 1226
::1 - - [01/May/2020:16:25:23 +0800] "GET /index_borrowBook.php HTTP/1.1" 200 2637
::1 - - [01/May/2020:16:25:23 +0800] "GET /bookmanagement.com/styles/index.css HTTP/1.1" 404 1226
::1 - - [01/May/2020:16:25:23 +0800] "GET /bookmanagement.com/styles/index.css HTTP/1.1" 404 1226
::1 - - [01/May/2020:16:26:31 +0800] "GET /index_borrowBook.php HTTP/1.1" 200 2480
::1 - - [01/May/2020:16:26:32 +0800] "GET /index_borrowBook.php HTTP/1.1" 200 2480
::1 - - [01/May/2020:16:26:39 +0800] "GET /index_borrowBook.php HTTP/1.1" 200 2480
::1 - - [01/May/2020:16:27:12 +0800] "GET /index_borrowBook.php HTTP/1.1" 200 2537
::1 - - [01/May/2020:16:27:12 +0800] "GET /styles/index.css HTTP/1.1" 200 112
::1 - - [01/May/2020:16:27:12 +0800] "GET /formCheck.js HTTP/1.1" 404 1226
::1 - - [01/May/2020:16:27:12 +0800] "GET /formCheck.js HTTP/1.1" 404 1226
::1 - - [01/May/2020:16:28:10 +0800] "GET /index_borrowBook.php HTTP/1.1" 200 2537
::1 - - [01/May/2020:16:28:10 +0800] "GET /formCheck.js HTTP/1.1" 404 1226
::1 - - [01/May/2020:16:28:10 +0800] "GET /styles/index.css HTTP/1.1" 200 73
::1 - - [01/May/2020:16:28:10 +0800] "GET /formCheck.js HTTP/1.1" 404 1226
::1 - - [01/May/2020:16:28:11 +0800] "GET /index_borrowBook.php HTTP/1.1" 200 2537
::1 - - [01/May/2020:16:28:11 +0800] "GET /styles/index.css HTTP/1.1" 304 -
::1 - - [01/May/2020:16:28:11 +0800] "GET /formCheck.js HTTP/1.1" 404 1226
::1 - - [01/May/2020:16:28:11 +0800] "GET /formCheck.js HTTP/1.1" 404 1226
::1 - - [01/May/2020:16:28:12 +0800] "GET /index_returnBook.php HTTP/1.1" 200 2106
::1 - - [01/May/2020:16:28:12 +0800] "GET /styles/index.css HTTP/1.1" 304 -
::1 - - [01/May/2020:16:28:12 +0800] "GET /formCheck.js HTTP/1.1" 404 1226
::1 - - [01/May/2020:16:28:12 +0800] "GET /formCheck.js HTTP/1.1" 404 1226
::1 - - [01/May/2020:16:28:12 +0800] "GET /index_extension.php HTTP/1.1" 200 2117
::1 - - [01/May/2020:16:28:12 +0800] "GET /styles/index.css HTTP/1.1" 304 -
::1 - - [01/May/2020:16:28:12 +0800] "GET /formCheck.js HTTP/1.1" 404 1224
::1 - - [01/May/2020:16:28:12 +0800] "GET /formCheck.js HTTP/1.1" 404 1224
::1 - - [01/May/2020:16:28:13 +0800] "GET /index_penalties.php HTTP/1.1" 200 2240
::1 - - [01/May/2020:16:28:13 +0800] "GET /styles/index.css HTTP/1.1" 304 -
::1 - - [01/May/2020:16:28:13 +0800] "GET /formCheck.js HTTP/1.1" 404 1224
::1 - - [01/May/2020:16:28:13 +0800] "GET /formCheck.js HTTP/1.1" 404 1224
::1 - - [01/May/2020:16:28:13 +0800] "GET /index_book.php HTTP/1.1" 200 2762
::1 - - [01/May/2020:16:28:13 +0800] "GET /styles/index.css HTTP/1.1" 304 -
::1 - - [01/May/2020:16:28:13 +0800] "GET /formCheck.js HTTP/1.1" 404 1214
::1 - - [01/May/2020:16:28:13 +0800] "GET /formCheck.js HTTP/1.1" 404 1214
::1 - - [01/May/2020:16:28:13 +0800] "GET /index_member.php HTTP/1.1" 200 3683
::1 - - [01/May/2020:16:28:13 +0800] "GET /styles/index.css HTTP/1.1" 304 -
::1 - - [01/May/2020:16:28:13 +0800] "GET /formCheck.js HTTP/1.1" 404 1218
::1 - - [01/May/2020:16:28:13 +0800] "GET /formCheck.js HTTP/1.1" 404 1218
::1 - - [01/May/2020:16:28:14 +0800] "GET /index_librarian.php HTTP/1.1" 200 2972
::1 - - [01/May/2020:16:28:14 +0800] "GET /formCheck.js HTTP/1.1" 404 1224
::1 - - [01/May/2020:16:28:14 +0800] "GET /styles/index.css HTTP/1.1" 304 -
::1 - - [01/May/2020:16:28:14 +0800] "GET /formCheck.js HTTP/1.1" 404 1224
::1 - - [01/May/2020:16:28:15 +0800] "GET /index_borrowBook.php HTTP/1.1" 200 2537
::1 - - [01/May/2020:16:28:15 +0800] "GET /styles/index.css HTTP/1.1" 304 -
::1 - - [01/May/2020:16:28:15 +0800] "GET /formCheck.js HTTP/1.1" 404 1226
::1 - - [01/May/2020:16:28:15 +0800] "GET /formCheck.js HTTP/1.1" 404 1226
::1 - - [01/May/2020:16:29:47 +0800] "GET /index_borrowBook.php HTTP/1.1" 200 2537
::1 - - [01/May/2020:16:29:47 +0800] "GET /styles/index.css HTTP/1.1" 200 159
::1 - - [01/May/2020:16:29:47 +0800] "GET /formCheck.js HTTP/1.1" 404 1226
::1 - - [01/May/2020:16:29:47 +0800] "GET /styles/index.css.map HTTP/1.1" 200 194
::1 - - [01/May/2020:16:30:02 +0800] "GET /index_borrowBook.php HTTP/1.1" 200 2537
::1 - - [01/May/2020:16:30:02 +0800] "GET /styles/index.css HTTP/1.1" 200 188
::1 - - [01/May/2020:16:30:02 +0800] "GET /formCheck.js HTTP/1.1" 404 1226
::1 - - [01/May/2020:16:30:02 +0800] "GET /formCheck.js HTTP/1.1" 404 1226
::1 - - [01/May/2020:16:30:10 +0800] "GET /index_borrowBook.php HTTP/1.1" 200 2537
::1 - - [01/May/2020:16:30:10 +0800] "GET /styles/index.css HTTP/1.1" 200 190
::1 - - [01/May/2020:16:30:10 +0800] "GET /formCheck.js HTTP/1.1" 404 1226
::1 - - [01/May/2020:16:30:10 +0800] "GET /formCheck.js HTTP/1.1" 404 1226
::1 - - [01/May/2020:16:30:26 +0800] "GET /index_borrowBook.php HTTP/1.1" 200 2537
::1 - - [01/May/2020:16:30:26 +0800] "GET /styles/index.css HTTP/1.1" 200 206
::1 - - [01/May/2020:16:30:26 +0800] "GET /formCheck.js HTTP/1.1" 404 1226
::1 - - [01/May/2020:16:30:26 +0800] "GET /formCheck.js HTTP/1.1" 404 1226
::1 - - [01/May/2020:16:30:32 +0800] "GET /index_borrowBook.php HTTP/1.1" 200 2537
::1 - - [01/May/2020:16:30:32 +0800] "GET /styles/index.css HTTP/1.1" 200 222
::1 - - [01/May/2020:16:30:32 +0800] "GET /formCheck.js HTTP/1.1" 404 1226
::1 - - [01/May/2020:16:30:33 +0800] "GET /formCheck.js HTTP/1.1" 404 1226
::1 - - [01/May/2020:16:30:37 +0800] "GET /styles/index.css HTTP/1.1" 304 -
::1 - - [01/May/2020:16:30:37 +0800] "GET /styles/index.css.map HTTP/1.1" 200 280
::1 - - [01/May/2020:16:31:15 +0800] "GET /index_borrowBook.php HTTP/1.1" 200 2537
::1 - - [01/May/2020:16:31:15 +0800] "GET /styles/index.css HTTP/1.1" 200 159
::1 - - [01/May/2020:16:31:15 +0800] "GET /formCheck.js HTTP/1.1" 404 1226
::1 - - [01/May/2020:16:31:15 +0800] "GET /formCheck.js HTTP/1.1" 404 1226
::1 - - [01/May/2020:16:31:33 +0800] "GET /index_borrowBook.php HTTP/1.1" 200 2537
::1 - - [01/May/2020:16:31:33 +0800] "GET /styles/index.css HTTP/1.1" 200 194
::1 - - [01/May/2020:16:31:33 +0800] "GET /formCheck.js HTTP/1.1" 404 1226
::1 - - [01/May/2020:16:31:51 +0800] "GET /index_borrowBook.php HTTP/1.1" 200 2537
::1 - - [01/May/2020:16:31:51 +0800] "GET /styles/index.css HTTP/1.1" 200 239
::1 - - [01/May/2020:16:31:51 +0800] "GET /formCheck.js HTTP/1.1" 404 1226
::1 - - [01/May/2020:16:31:52 +0800] "GET /index_borrowBook.php HTTP/1.1" 200 2537
::1 - - [01/May/2020:16:31:52 +0800] "GET /styles/index.css HTTP/1.1" 304 -
::1 - - [01/May/2020:16:31:52 +0800] "GET /formCheck.js HTTP/1.1" 404 1226
::1 - - [01/May/2020:16:31:52 +0800] "GET /formCheck.js HTTP/1.1" 404 1226
::1 - - [01/May/2020:16:31:52 +0800] "GET /index_returnBook.php HTTP/1.1" 200 2106
::1 - - [01/May/2020:16:31:52 +0800] "GET /styles/index.css HTTP/1.1" 304 -
::1 - - [01/May/2020:16:31:52 +0800] "GET /formCheck.js HTTP/1.1" 404 1226
::1 - - [01/May/2020:16:31:52 +0800] "GET /formCheck.js HTTP/1.1" 404 1226
::1 - - [01/May/2020:16:31:53 +0800] "GET /index_extension.php HTTP/1.1" 200 2117
::1 - - [01/May/2020:16:31:53 +0800] "GET /styles/index.css HTTP/1.1" 304 -
::1 - - [01/May/2020:16:31:53 +0800] "GET /formCheck.js HTTP/1.1" 404 1224
::1 - - [01/May/2020:16:31:53 +0800] "GET /formCheck.js HTTP/1.1" 404 1224
::1 - - [01/May/2020:16:31:53 +0800] "GET /index_penalties.php HTTP/1.1" 200 2240
::1 - - [01/May/2020:16:31:53 +0800] "GET /styles/index.css HTTP/1.1" 304 -
::1 - - [01/May/2020:16:31:53 +0800] "GET /formCheck.js HTTP/1.1" 404 1224
::1 - - [01/May/2020:16:31:53 +0800] "GET /formCheck.js HTTP/1.1" 404 1224
::1 - - [01/May/2020:16:31:54 +0800] "GET /index_book.php HTTP/1.1" 200 2762
::1 - - [01/May/2020:16:31:54 +0800] "GET /styles/index.css HTTP/1.1" 304 -
::1 - - [01/May/2020:16:31:54 +0800] "GET /formCheck.js HTTP/1.1" 404 1214
::1 - - [01/May/2020:16:31:54 +0800] "GET /formCheck.js HTTP/1.1" 404 1214
::1 - - [01/May/2020:16:31:54 +0800] "GET /index_member.php HTTP/1.1" 200 3683
::1 - - [01/May/2020:16:31:54 +0800] "GET /styles/index.css HTTP/1.1" 304 -
::1 - - [01/May/2020:16:31:54 +0800] "GET /formCheck.js HTTP/1.1" 404 1218
::1 - - [01/May/2020:16:31:54 +0800] "GET /formCheck.js HTTP/1.1" 404 1218
::1 - - [01/May/2020:16:32:28 +0800] "GET /index_extension.php HTTP/1.1" 200 2117
::1 - - [01/May/2020:16:32:28 +0800] "GET /styles/index.css HTTP/1.1" 304 -
::1 - - [01/May/2020:16:32:28 +0800] "GET /formCheck.js HTTP/1.1" 404 1224
::1 - - [01/May/2020:16:32:28 +0800] "GET /formCheck.js HTTP/1.1" 404 1224
::1 - - [01/May/2020:16:32:29 +0800] "GET /index_returnBook.php HTTP/1.1" 200 2106
::1 - - [01/May/2020:16:32:29 +0800] "GET /formCheck.js HTTP/1.1" 404 1226
::1 - - [01/May/2020:16:32:29 +0800] "GET /formCheck.js HTTP/1.1" 404 1226
::1 - - [01/May/2020:16:32:29 +0800] "GET /index_borrowBook.php HTTP/1.1" 200 2537
::1 - - [01/May/2020:16:32:29 +0800] "GET /formCheck.js HTTP/1.1" 404 1226
::1 - - [01/May/2020:16:32:30 +0800] "GET /index_book.php HTTP/1.1" 200 2762
::1 - - [01/May/2020:16:32:30 +0800] "GET /formCheck.js HTTP/1.1" 404 1214
::1 - - [01/May/2020:16:32:30 +0800] "GET /formCheck.js HTTP/1.1" 404 1214
::1 - - [01/May/2020:16:32:30 +0800] "GET /index_member.php HTTP/1.1" 200 3683
::1 - - [01/May/2020:16:32:30 +0800] "GET /formCheck.js HTTP/1.1" 404 1218
::1 - - [01/May/2020:16:32:30 +0800] "GET /formCheck.js HTTP/1.1" 404 1218
::1 - - [01/May/2020:16:32:31 +0800] "GET /index_librarian.php HTTP/1.1" 200 2972
::1 - - [01/May/2020:16:32:31 +0800] "GET /formCheck.js HTTP/1.1" 404 1224
::1 - - [01/May/2020:16:32:31 +0800] "GET /formCheck.js HTTP/1.1" 404 1224
::1 - - [01/May/2020:16:32:31 +0800] "GET /logout.php HTTP/1.1" 302 -
::1 - - [01/May/2020:16:32:31 +0800] "GET / HTTP/1.1" 200 343
::1 - - [01/May/2020:16:32:33 +0800] "GET /login.php HTTP/1.1" 200 609
::1 - - [01/May/2020:16:32:37 +0800] "POST /loginAuthenticate.php HTTP/1.1" 200 622
::1 - - [01/May/2020:16:32:44 +0800] "POST /loginAuthenticate.php HTTP/1.1" 302 -
::1 - - [01/May/2020:16:32:44 +0800] "GET / HTTP/1.1" 200 1603
::1 - - [01/May/2020:16:32:44 +0800] "GET /scripts/formCheck.js HTTP/1.1" 304 -
::1 - - [01/May/2020:16:32:44 +0800] "GET /styles/index.css HTTP/1.1" 304 -
::1 - - [01/May/2020:16:32:48 +0800] "GET /index_borrowBook.php HTTP/1.1" 200 2537
::1 - - [01/May/2020:16:32:48 +0800] "GET /formCheck.js HTTP/1.1" 404 1226
::1 - - [01/May/2020:16:32:48 +0800] "GET /formCheck.js HTTP/1.1" 404 1226
::1 - - [01/May/2020:16:32:49 +0800] "GET /index_returnBook.php HTTP/1.1" 200 2106
::1 - - [01/May/2020:16:32:49 +0800] "GET /styles/index.css HTTP/1.1" 304 -
::1 - - [01/May/2020:16:32:49 +0800] "GET /formCheck.js HTTP/1.1" 404 1226
::1 - - [01/May/2020:16:32:51 +0800] "GET /index_extension.php HTTP/1.1" 200 2117
::1 - - [01/May/2020:16:32:51 +0800] "GET /formCheck.js HTTP/1.1" 404 1224
::1 - - [01/May/2020:16:32:51 +0800] "GET /index_penalties.php HTTP/1.1" 200 2240
::1 - - [01/May/2020:16:32:51 +0800] "GET /formCheck.js HTTP/1.1" 404 1224
::1 - - [01/May/2020:16:32:51 +0800] "GET /formCheck.js HTTP/1.1" 404 1224
::1 - - [01/May/2020:16:32:52 +0800] "GET /index_book.php HTTP/1.1" 200 2762
::1 - - [01/May/2020:16:32:52 +0800] "GET /formCheck.js HTTP/1.1" 404 1214
::1 - - [01/May/2020:16:32:52 +0800] "GET /formCheck.js HTTP/1.1" 404 1214
::1 - - [01/May/2020:16:32:53 +0800] "GET /index_member.php HTTP/1.1" 200 3683
::1 - - [01/May/2020:16:32:53 +0800] "GET /formCheck.js HTTP/1.1" 404 1218
::1 - - [01/May/2020:16:32:53 +0800] "GET /formCheck.js HTTP/1.1" 404 1218
::1 - - [01/May/2020:16:33:00 +0800] "GET /index_borrowBook.php HTTP/1.1" 200 2537
::1 - - [01/May/2020:16:33:00 +0800] "GET /styles/index.css HTTP/1.1" 304 -
::1 - - [01/May/2020:16:33:00 +0800] "GET /formCheck.js HTTP/1.1" 404 1226
::1 - - [01/May/2020:16:33:03 +0800] "GET /index_returnBook.php HTTP/1.1" 200 2106
::1 - - [01/May/2020:16:33:03 +0800] "GET /formCheck.js HTTP/1.1" 404 1226
::1 - - [01/May/2020:16:33:03 +0800] "GET /formCheck.js HTTP/1.1" 404 1226
::1 - - [01/May/2020:16:33:03 +0800] "GET /index_extension.php HTTP/1.1" 200 2117
::1 - - [01/May/2020:16:33:03 +0800] "GET /formCheck.js HTTP/1.1" 404 1224
::1 - - [01/May/2020:16:33:03 +0800] "GET /formCheck.js HTTP/1.1" 404 1224
::1 - - [01/May/2020:16:33:04 +0800] "GET /index_borrowBook.php HTTP/1.1" 200 2537
::1 - - [01/May/2020:16:33:04 +0800] "GET /formCheck.js HTTP/1.1" 404 1226
::1 - - [01/May/2020:16:33:04 +0800] "GET /formCheck.js HTTP/1.1" 404 1226
::1 - - [01/May/2020:16:33:05 +0800] "GET /logout.php HTTP/1.1" 302 -
::1 - - [01/May/2020:16:33:05 +0800] "GET / HTTP/1.1" 200 343
::1 - - [01/May/2020:16:34:32 +0800] "GET / HTTP/1.1" 302 1603
::1 - - [01/May/2020:16:34:32 +0800] "GET /login.php HTTP/1.1" 200 609
::1 - - [01/May/2020:16:34:38 +0800] "POST /loginAuthenticate.php HTTP/1.1" 302 -
::1 - - [01/May/2020:16:34:38 +0800] "GET / HTTP/1.1" 200 1603
::1 - - [01/May/2020:16:34:38 +0800] "GET /styles/index.css HTTP/1.1" 304 -
::1 - - [01/May/2020:16:34:39 +0800] "GET /logout.php HTTP/1.1" 302 -
::1 - - [01/May/2020:16:34:39 +0800] "GET / HTTP/1.1" 302 1603
::1 - - [01/May/2020:16:34:39 +0800] "GET /login.php HTTP/1.1" 200 609
::1 - - [01/May/2020:16:35:01 +0800] "GET /login.php HTTP/1.1" 200 1091
::1 - - [01/May/2020:16:35:01 +0800] "GET /styles/index.css HTTP/1.1" 304 -
::1 - - [01/May/2020:16:35:01 +0800] "GET /formCheck.js HTTP/1.1" 404 1204
::1 - - [01/May/2020:16:35:01 +0800] "GET /formCheck.js HTTP/1.1" 404 1204
::1 - - [01/May/2020:16:36:04 +0800] "GET /login.php HTTP/1.1" 200 1221
::1 - - [01/May/2020:16:36:04 +0800] "GET /formCheck.js HTTP/1.1" 404 1204
::1 - - [01/May/2020:16:36:04 +0800] "GET /styles/index.css HTTP/1.1" 304 -
::1 - - [01/May/2020:16:36:04 +0800] "GET /formCheck.js HTTP/1.1" 404 1204
::1 - - [01/May/2020:16:36:14 +0800] "GET /login.php HTTP/1.1" 200 1237
::1 - - [01/May/2020:16:36:14 +0800] "GET /formCheck.js HTTP/1.1" 404 1204
::1 - - [01/May/2020:16:36:14 +0800] "GET /formCheck.js HTTP/1.1" 404 1204
::1 - - [01/May/2020:16:36:26 +0800] "GET /login.php HTTP/1.1" 200 1267
::1 - - [01/May/2020:16:36:26 +0800] "GET /formCheck.js HTTP/1.1" 404 1204
::1 - - [01/May/2020:16:36:26 +0800] "GET /formCheck.js HTTP/1.1" 404 1204
::1 - - [01/May/2020:16:36:35 +0800] "GET /login.php HTTP/1.1" 200 1267
::1 - - [01/May/2020:16:36:35 +0800] "GET /styles/index.css HTTP/1.1" 304 -
::1 - - [01/May/2020:16:36:35 +0800] "GET /formCheck.js HTTP/1.1" 404 1204
::1 - - [01/May/2020:16:36:35 +0800] "GET /formCheck.js HTTP/1.1" 404 1204
::1 - - [01/May/2020:16:36:58 +0800] "GET /login.php HTTP/1.1" 200 1370
::1 - - [01/May/2020:16:36:58 +0800] "GET /formCheck.js HTTP/1.1" 404 1204
::1 - - [01/May/2020:16:36:58 +0800] "GET /formCheck.js HTTP/1.1" 404 1204
::1 - - [01/May/2020:16:38:19 +0800] "GET /login.php HTTP/1.1" 200 1370
::1 - - [01/May/2020:16:38:19 +0800] "GET /styles/index.css HTTP/1.1" 304 -
::1 - - [01/May/2020:16:38:19 +0800] "GET /formCheck.js HTTP/1.1" 404 1204
::1 - - [01/May/2020:16:38:19 +0800] "GET /formCheck.js HTTP/1.1" 404 1204
::1 - - [01/May/2020:16:39:56 +0800] "GET /login.php HTTP/1.1" 200 1279
::1 - - [01/May/2020:16:39:56 +0800] "GET /styles/index.css HTTP/1.1" 304 -
::1 - - [01/May/2020:16:39:56 +0800] "GET /formCheck.js HTTP/1.1" 404 1204
::1 - - [01/May/2020:16:39:56 +0800] "GET /formCheck.js HTTP/1.1" 404 1204
::1 - - [01/May/2020:16:40:07 +0800] "GET /login.php HTTP/1.1" 200 1237
::1 - - [01/May/2020:16:40:07 +0800] "GET /formCheck.js HTTP/1.1" 404 1204
::1 - - [01/May/2020:16:40:07 +0800] "GET /formCheck.js HTTP/1.1" 404 1204
::1 - - [01/May/2020:16:40:32 +0800] "GET /login.php HTTP/1.1" 200 1237
::1 - - [01/May/2020:16:40:32 +0800] "GET /formCheck.js HTTP/1.1" 404 1204
::1 - - [01/May/2020:16:40:32 +0800] "GET /formCheck.js HTTP/1.1" 404 1204
::1 - - [01/May/2020:16:40:44 +0800] "GET /login.php HTTP/1.1" 200 1237
::1 - - [01/May/2020:16:40:44 +0800] "GET /formCheck.js HTTP/1.1" 404 1204
::1 - - [01/May/2020:16:40:44 +0800] "GET /formCheck.js HTTP/1.1" 404 1204
::1 - - [01/May/2020:16:40:58 +0800] "GET /login.php HTTP/1.1" 200 1237
::1 - - [01/May/2020:16:40:58 +0800] "GET /styles/index.css HTTP/1.1" 304 -
::1 - - [01/May/2020:16:40:58 +0800] "GET /formCheck.js HTTP/1.1" 404 1204
::1 - - [01/May/2020:16:40:58 +0800] "GET /formCheck.js HTTP/1.1" 404 1204
::1 - - [01/May/2020:16:41:01 +0800] "GET /styles/index.css.map HTTP/1.1" 200 328
::1 - - [01/May/2020:16:42:01 +0800] "GET /login.php HTTP/1.1" 200 1237
::1 - - [01/May/2020:16:42:01 +0800] "GET /styles/index.css HTTP/1.1" 200 470
::1 - - [01/May/2020:16:42:01 +0800] "GET /formCheck.js HTTP/1.1" 404 1204
::1 - - [01/May/2020:16:42:01 +0800] "GET /styles/index.css.map HTTP/1.1" 200 418
::1 - - [01/May/2020:16:42:10 +0800] "GET /login.php HTTP/1.1" 200 1237
::1 - - [01/May/2020:16:42:10 +0800] "GET /styles/index.css HTTP/1.1" 200 449
::1 - - [01/May/2020:16:42:10 +0800] "GET /formCheck.js HTTP/1.1" 404 1204
::1 - - [01/May/2020:16:42:10 +0800] "GET /styles/index.css.map HTTP/1.1" 200 395
::1 - - [01/May/2020:16:42:22 +0800] "GET /login.php HTTP/1.1" 200 1237
::1 - - [01/May/2020:16:42:22 +0800] "GET /styles/index.css HTTP/1.1" 200 463
::1 - - [01/May/2020:16:42:22 +0800] "GET /formCheck.js HTTP/1.1" 404 1204
::1 - - [01/May/2020:16:42:22 +0800] "GET /styles/index.css.map HTTP/1.1" 200 415
::1 - - [01/May/2020:16:42:31 +0800] "GET /login.php HTTP/1.1" 200 1237
::1 - - [01/May/2020:16:42:31 +0800] "GET /styles/index.css HTTP/1.1" 200 464
::1 - - [01/May/2020:16:42:31 +0800] "GET /formCheck.js HTTP/1.1" 404 1204
::1 - - [01/May/2020:16:42:31 +0800] "GET /styles/index.css.map HTTP/1.1" 200 415
::1 - - [01/May/2020:16:43:38 +0800] "GET /login.php HTTP/1.1" 200 1237
::1 - - [01/May/2020:16:43:38 +0800] "GET /styles/index.css HTTP/1.1" 200 496
::1 - - [01/May/2020:16:43:38 +0800] "GET /formCheck.js HTTP/1.1" 404 1204
::1 - - [01/May/2020:16:43:38 +0800] "GET /styles/index.css.map HTTP/1.1" 200 481
::1 - - [01/May/2020:16:43:45 +0800] "GET /login.php HTTP/1.1" 200 1237
::1 - - [01/May/2020:16:43:45 +0800] "GET /styles/index.css HTTP/1.1" 200 495
::1 - - [01/May/2020:16:43:45 +0800] "GET /formCheck.js HTTP/1.1" 404 1204
::1 - - [01/May/2020:16:43:46 +0800] "GET /styles/index.css.map HTTP/1.1" 200 481
::1 - - [01/May/2020:16:43:51 +0800] "GET /login.php HTTP/1.1" 200 1237
::1 - - [01/May/2020:16:43:51 +0800] "GET /formCheck.js HTTP/1.1" 404 1204
::1 - - [01/May/2020:16:43:51 +0800] "GET /styles/index.css HTTP/1.1" 200 495
::1 - - [01/May/2020:16:43:51 +0800] "GET /styles/index.css.map HTTP/1.1" 200 481
::1 - - [01/May/2020:16:43:56 +0800] "GET /login.php HTTP/1.1" 200 1237
::1 - - [01/May/2020:16:43:56 +0800] "GET /styles/index.css HTTP/1.1" 200 495
::1 - - [01/May/2020:16:43:56 +0800] "GET /formCheck.js HTTP/1.1" 404 1204
::1 - - [01/May/2020:16:43:56 +0800] "GET /styles/index.css.map HTTP/1.1" 200 481
::1 - - [01/May/2020:16:44:01 +0800] "GET /login.php HTTP/1.1" 200 1237
::1 - - [01/May/2020:16:44:01 +0800] "GET /styles/index.css HTTP/1.1" 200 495
::1 - - [01/May/2020:16:44:01 +0800] "GET /formCheck.js HTTP/1.1" 404 1204
::1 - - [01/May/2020:16:44:02 +0800] "GET /styles/index.css.map HTTP/1.1" 200 481
::1 - - [01/May/2020:16:45:14 +0800] "GET /login.php HTTP/1.1" 200 1237
::1 - - [01/May/2020:16:45:15 +0800] "GET /formCheck.js HTTP/1.1" 404 1204
::1 - - [01/May/2020:16:45:15 +0800] "GET /styles/index.css HTTP/1.1" 200 631
::1 - - [01/May/2020:16:45:15 +0800] "GET /styles/index.css.map HTTP/1.1" 200 437
::1 - - [01/May/2020:16:45:47 +0800] "GET /login.php HTTP/1.1" 200 1237
::1 - - [01/May/2020:16:45:47 +0800] "GET /styles/index.css HTTP/1.1" 304 -
::1 - - [01/May/2020:16:45:47 +0800] "GET /formCheck.js HTTP/1.1" 404 1204
::1 - - [01/May/2020:16:45:52 +0800] "POST /loginAuthenticate.php HTTP/1.1" 302 -
::1 - - [01/May/2020:16:45:52 +0800] "GET / HTTP/1.1" 200 1603
::1 - - [01/May/2020:16:45:52 +0800] "GET /scripts/formCheck.js HTTP/1.1" 304 -
::1 - - [01/May/2020:16:45:52 +0800] "GET /styles/index.css HTTP/1.1" 304 -
::1 - - [01/May/2020:16:45:54 +0800] "GET /index_returnBook.php HTTP/1.1" 200 2106
::1 - - [01/May/2020:16:45:54 +0800] "GET /formCheck.js HTTP/1.1" 404 1226
::1 - - [01/May/2020:16:45:54 +0800] "GET /formCheck.js HTTP/1.1" 404 1226
::1 - - [01/May/2020:16:45:54 +0800] "GET /index_borrowBook.php HTTP/1.1" 200 2537
::1 - - [01/May/2020:16:45:54 +0800] "GET /formCheck.js HTTP/1.1" 404 1226
::1 - - [01/May/2020:16:45:54 +0800] "GET /formCheck.js HTTP/1.1" 404 1226
::1 - - [01/May/2020:16:45:59 +0800] "GET /index_borrowBook.php HTTP/1.1" 200 2537
::1 - - [01/May/2020:16:45:59 +0800] "GET /styles/index.css HTTP/1.1" 304 -
::1 - - [01/May/2020:16:45:59 +0800] "GET /formCheck.js HTTP/1.1" 404 1226
::1 - - [01/May/2020:16:45:59 +0800] "GET /formCheck.js HTTP/1.1" 404 1226
::1 - - [01/May/2020:16:46:00 +0800] "GET /index_returnBook.php HTTP/1.1" 200 2106
::1 - - [01/May/2020:16:46:00 +0800] "GET /formCheck.js HTTP/1.1" 404 1226
::1 - - [01/May/2020:16:46:00 +0800] "GET /formCheck.js HTTP/1.1" 404 1226
::1 - - [01/May/2020:16:46:01 +0800] "GET /index_borrowBook.php HTTP/1.1" 200 2537
::1 - - [01/May/2020:16:46:01 +0800] "GET /formCheck.js HTTP/1.1" 404 1226
::1 - - [01/May/2020:16:46:01 +0800] "GET /formCheck.js HTTP/1.1" 404 1226
